{"/Users/dariuszsobkowicz/Workspace/Cryptnomic/T2/src/components/NodesStatus/index.tsx": {"path":"/Users/dariuszsobkowicz/Workspace/Cryptnomic/T2/src/components/NodesStatus/index.tsx","statementMap":{"0":{"start":{"line":1,"column":0},"end":{"line":1,"column":26}},"1":{"start":{"line":2,"column":0},"end":{"line":2,"column":39}},"2":{"start":{"line":3,"column":0},"end":{"line":3,"column":42}},"3":{"start":{"line":4,"column":0},"end":{"line":4,"column":38}},"4":{"start":{"line":6,"column":18},"end":{"line":13,"column":null}},"5":{"start":{"line":11,"column":34},"end":{"line":11,"column":40}},"6":{"start":{"line":11,"column":49},"end":{"line":11,"column":null}},"7":{"start":{"line":12,"column":23},"end":{"line":12,"column":29}},"8":{"start":{"line":12,"column":38},"end":{"line":12,"column":null}},"9":{"start":{"line":16,"column":20},"end":{"line":18,"column":null}},"10":{"start":{"line":25,"column":20},"end":{"line":33,"column":1}},"11":{"start":{"line":26,"column":10},"end":{"line":26,"column":17}},"12":{"start":{"line":27,"column":2},"end":{"line":32,"column":4}},"13":{"start":{"line":35,"column":0},"end":{"line":35,"column":27}}},"fnMap":{"0":{"name":"(anonymous_2)","decl":{"start":{"line":11,"column":22},"end":{"line":11,"column":23}},"loc":{"start":{"line":11,"column":44},"end":{"line":11,"column":55}}},"1":{"name":"(anonymous_3)","decl":{"start":{"line":12,"column":11},"end":{"line":12,"column":12}},"loc":{"start":{"line":12,"column":33},"end":{"line":12,"column":44}}},"2":{"name":"(anonymous_4)","decl":{"start":{"line":25,"column":20},"end":{"line":25,"column":21}},"loc":{"start":{"line":25,"column":33},"end":{"line":33,"column":1}}}},"branchMap":{"0":{"loc":{"start":{"line":6,"column":28},"end":{"line":6,"column":null}},"type":"binary-expr","locations":[{"start":{"line":6,"column":28},"end":{"line":6,"column":null}},{"start":{"line":6,"column":28},"end":{"line":14,"column":2}}]},"1":{"loc":{"start":{"line":16,"column":37},"end":{"line":16,"column":null}},"type":"binary-expr","locations":[{"start":{"line":16,"column":37},"end":{"line":16,"column":null}},{"start":{"line":16,"column":37},"end":{"line":19,"column":2}}]}},"s":{"0":1,"1":1,"2":1,"3":1,"4":1,"5":0,"6":0,"7":0,"8":0,"9":1,"10":1,"11":1,"12":1,"13":1},"f":{"0":0,"1":0,"2":1},"b":{"0":[1,1],"1":[1,1]}}
,"/Users/dariuszsobkowicz/Workspace/Cryptnomic/T2/src/components/TezosIcon/index.tsx": {"path":"/Users/dariuszsobkowicz/Workspace/Cryptnomic/T2/src/components/TezosIcon/index.tsx","statementMap":{"0":{"start":{"line":1,"column":0},"end":{"line":1,"column":26}},"1":{"start":{"line":2,"column":0},"end":{"line":2,"column":39}},"2":{"start":{"line":4,"column":13},"end":{"line":7,"column":null}},"3":{"start":{"line":6,"column":18},"end":{"line":6,"column":22}},"4":{"start":{"line":6,"column":29},"end":{"line":6,"column":null}},"5":{"start":{"line":7,"column":14},"end":{"line":7,"column":19}},"6":{"start":{"line":7,"column":30},"end":{"line":7,"column":36}},"7":{"start":{"line":7,"column":45},"end":{"line":7,"column":null}},"8":{"start":{"line":27,"column":22},"end":{"line":131,"column":1}},"9":{"start":{"line":28,"column":20},"end":{"line":28,"column":37}},"10":{"start":{"line":28,"column":31},"end":{"line":28,"column":74}},"11":{"start":{"line":30,"column":2},"end":{"line":130,"column":null}},"12":{"start":{"line":32,"column":6},"end":{"line":32,"column":31}},"13":{"start":{"line":35,"column":6},"end":{"line":35,"column":31}},"14":{"start":{"line":38,"column":6},"end":{"line":38,"column":31}},"15":{"start":{"line":41,"column":6},"end":{"line":41,"column":31}},"16":{"start":{"line":44,"column":6},"end":{"line":44,"column":31}},"17":{"start":{"line":48,"column":6},"end":{"line":48,"column":31}},"18":{"start":{"line":52,"column":6},"end":{"line":52,"column":31}},"19":{"start":{"line":56,"column":6},"end":{"line":56,"column":31}},"20":{"start":{"line":60,"column":6},"end":{"line":60,"column":31}},"21":{"start":{"line":64,"column":6},"end":{"line":64,"column":31}},"22":{"start":{"line":68,"column":6},"end":{"line":68,"column":31}},"23":{"start":{"line":72,"column":6},"end":{"line":72,"column":31}},"24":{"start":{"line":76,"column":6},"end":{"line":76,"column":31}},"25":{"start":{"line":80,"column":6},"end":{"line":80,"column":31}},"26":{"start":{"line":84,"column":6},"end":{"line":84,"column":31}},"27":{"start":{"line":88,"column":6},"end":{"line":88,"column":31}},"28":{"start":{"line":92,"column":6},"end":{"line":92,"column":31}},"29":{"start":{"line":96,"column":6},"end":{"line":96,"column":31}},"30":{"start":{"line":100,"column":6},"end":{"line":100,"column":31}},"31":{"start":{"line":104,"column":6},"end":{"line":104,"column":31}},"32":{"start":{"line":108,"column":6},"end":{"line":108,"column":31}},"33":{"start":{"line":112,"column":6},"end":{"line":112,"column":31}},"34":{"start":{"line":116,"column":6},"end":{"line":116,"column":31}},"35":{"start":{"line":120,"column":6},"end":{"line":120,"column":31}},"36":{"start":{"line":124,"column":6},"end":{"line":124,"column":31}},"37":{"start":{"line":128,"column":6},"end":{"line":128,"column":68}},"38":{"start":{"line":133,"column":18},"end":{"line":140,"column":1}},"39":{"start":{"line":134,"column":10},"end":{"line":134,"column":18}},"40":{"start":{"line":134,"column":20},"end":{"line":134,"column":24}},"41":{"start":{"line":134,"column":26},"end":{"line":134,"column":31}},"42":{"start":{"line":134,"column":33},"end":{"line":134,"column":42}},"43":{"start":{"line":134,"column":44},"end":{"line":134,"column":51}},"44":{"start":{"line":135,"column":2},"end":{"line":139,"column":4}},"45":{"start":{"line":142,"column":0},"end":{"line":142,"column":25}}},"fnMap":{"0":{"name":"(anonymous_2)","decl":{"start":{"line":6,"column":15},"end":{"line":6,"column":16}},"loc":{"start":{"line":6,"column":24},"end":{"line":6,"column":33}}},"1":{"name":"(anonymous_3)","decl":{"start":{"line":7,"column":11},"end":{"line":7,"column":12}},"loc":{"start":{"line":7,"column":40},"end":{"line":7,"column":51}}},"2":{"name":"(anonymous_4)","decl":{"start":{"line":27,"column":22},"end":{"line":27,"column":30}},"loc":{"start":{"line":27,"column":30},"end":{"line":131,"column":1}}},"3":{"name":"(anonymous_5)","decl":{"start":{"line":28,"column":20},"end":{"line":28,"column":27}},"loc":{"start":{"line":28,"column":27},"end":{"line":28,"column":37}}},"4":{"name":"(anonymous_6)","decl":{"start":{"line":133,"column":18},"end":{"line":133,"column":19}},"loc":{"start":{"line":133,"column":31},"end":{"line":140,"column":1}}}},"branchMap":{"0":{"loc":{"start":{"line":4,"column":24},"end":{"line":4,"column":58}},"type":"binary-expr","locations":[{"start":{"line":4,"column":24},"end":{"line":4,"column":58}},{"start":{"line":4,"column":24},"end":{"line":17,"column":2}}]},"1":{"loc":{"start":{"line":31,"column":4},"end":{"line":33,"column":null}},"type":"switch","locations":[{"start":{"line":31,"column":4},"end":{"line":33,"column":null}},{"start":{"line":34,"column":4},"end":{"line":36,"column":null}},{"start":{"line":37,"column":4},"end":{"line":39,"column":null}},{"start":{"line":40,"column":4},"end":{"line":42,"column":null}},{"start":{"line":43,"column":4},"end":{"line":45,"column":null}},{"start":{"line":47,"column":4},"end":{"line":49,"column":null}},{"start":{"line":51,"column":4},"end":{"line":53,"column":null}},{"start":{"line":55,"column":4},"end":{"line":57,"column":null}},{"start":{"line":59,"column":4},"end":{"line":61,"column":null}},{"start":{"line":63,"column":4},"end":{"line":65,"column":null}},{"start":{"line":67,"column":4},"end":{"line":69,"column":null}},{"start":{"line":71,"column":4},"end":{"line":73,"column":null}},{"start":{"line":75,"column":4},"end":{"line":77,"column":null}},{"start":{"line":79,"column":4},"end":{"line":81,"column":null}},{"start":{"line":83,"column":4},"end":{"line":85,"column":null}},{"start":{"line":87,"column":4},"end":{"line":89,"column":null}},{"start":{"line":91,"column":4},"end":{"line":93,"column":null}},{"start":{"line":95,"column":4},"end":{"line":97,"column":null}},{"start":{"line":99,"column":4},"end":{"line":101,"column":null}},{"start":{"line":103,"column":4},"end":{"line":105,"column":null}},{"start":{"line":107,"column":4},"end":{"line":109,"column":null}},{"start":{"line":111,"column":4},"end":{"line":113,"column":null}},{"start":{"line":115,"column":4},"end":{"line":117,"column":null}},{"start":{"line":119,"column":4},"end":{"line":121,"column":null}},{"start":{"line":123,"column":4},"end":{"line":125,"column":null}},{"start":{"line":127,"column":4},"end":{"line":129,"column":null}}]}},"s":{"0":1,"1":1,"2":1,"3":0,"4":0,"5":0,"6":0,"7":0,"8":1,"9":0,"10":0,"11":0,"12":0,"13":0,"14":0,"15":0,"16":0,"17":0,"18":0,"19":0,"20":0,"21":0,"22":0,"23":0,"24":0,"25":0,"26":0,"27":0,"28":0,"29":0,"30":0,"31":0,"32":0,"33":0,"34":0,"35":0,"36":0,"37":0,"38":1,"39":0,"40":0,"41":0,"42":0,"43":0,"44":0,"45":1},"f":{"0":0,"1":0,"2":0,"3":0,"4":0},"b":{"0":[1,1],"1":[0,0,0,0,0,0,0,0,0,0,0,0,0,0,0,0,0,0,0,0,0,0,0,0,0,0]}}
,"/Users/dariuszsobkowicz/Workspace/Cryptnomic/T2/src/styles/helpers.ts": {"path":"/Users/dariuszsobkowicz/Workspace/Cryptnomic/T2/src/styles/helpers.ts","statementMap":{"0":{"start":{"line":1,"column":0},"end":{"line":1,"column":40}},"1":{"start":{"line":3,"column":0},"end":{"line":3,"column":16}},"2":{"start":{"line":8,"column":2},"end":{"line":8,"column":50}},"3":{"start":{"line":7,"column":0},"end":{"line":7,"column":16}}},"fnMap":{"0":{"name":"placeHolder","decl":{"start":{"line":3,"column":16},"end":{"line":3,"column":27}},"loc":{"start":{"line":3,"column":27},"end":{"line":5,"column":1}}},"1":{"name":"ms","decl":{"start":{"line":7,"column":16},"end":{"line":7,"column":18}},"loc":{"start":{"line":7,"column":23},"end":{"line":9,"column":1}}}},"branchMap":{},"s":{"0":1,"1":1,"2":5,"3":1},"f":{"0":0,"1":5},"b":{}}
}
