TN:
SF:src/components/NodesStatus/index.tsx
FN:11,(anonymous_2)
FN:12,(anonymous_3)
FN:25,(anonymous_4)
FNF:3
FNH:1
FNDA:0,(anonymous_2)
FNDA:0,(anonymous_3)
FNDA:1,(anonymous_4)
DA:1,1
DA:2,1
DA:3,1
DA:4,1
DA:6,1
DA:11,0
DA:12,0
DA:16,1
DA:25,1
DA:26,1
DA:27,1
DA:35,1
LF:12
LH:10
BRDA:6,0,0,1
BRDA:6,0,1,1
BRDA:16,1,0,1
BRDA:16,1,1,1
BRF:4
BRH:4
end_of_record
TN:
SF:src/components/TezosIcon/index.tsx
FN:6,(anonymous_2)
FN:7,(anonymous_3)
FN:27,(anonymous_4)
FN:28,(anonymous_5)
FN:133,(anonymous_6)
FNF:5
FNH:0
FNDA:0,(anonymous_2)
FNDA:0,(anonymous_3)
FNDA:0,(anonymous_4)
FNDA:0,(anonymous_5)
FNDA:0,(anonymous_6)
DA:1,1
DA:2,1
DA:4,1
DA:6,0
DA:7,0
DA:27,1
DA:28,0
DA:30,0
DA:32,0
DA:35,0
DA:38,0
DA:41,0
DA:44,0
DA:48,0
DA:52,0
DA:56,0
DA:60,0
DA:64,0
DA:68,0
DA:72,0
DA:76,0
DA:80,0
DA:84,0
DA:88,0
DA:92,0
DA:96,0
DA:100,0
DA:104,0
DA:108,0
DA:112,0
DA:116,0
DA:120,0
DA:124,0
DA:128,0
DA:133,1
DA:134,0
DA:135,0
DA:142,1
LF:38
LH:6
BRDA:4,0,0,1
BRDA:4,0,1,1
BRDA:31,1,0,0
BRDA:31,1,1,0
BRDA:31,1,2,0
BRDA:31,1,3,0
BRDA:31,1,4,0
BRDA:31,1,5,0
BRDA:31,1,6,0
BRDA:31,1,7,0
BRDA:31,1,8,0
BRDA:31,1,9,0
BRDA:31,1,10,0
BRDA:31,1,11,0
BRDA:31,1,12,0
BRDA:31,1,13,0
BRDA:31,1,14,0
BRDA:31,1,15,0
BRDA:31,1,16,0
BRDA:31,1,17,0
BRDA:31,1,18,0
BRDA:31,1,19,0
BRDA:31,1,20,0
BRDA:31,1,21,0
BRDA:31,1,22,0
BRDA:31,1,23,0
BRDA:31,1,24,0
BRDA:31,1,25,0
BRF:28
BRH:2
end_of_record
TN:
SF:src/styles/helpers.ts
FN:3,placeHolder
FN:7,ms
FNF:2
FNH:1
FNDA:0,placeHolder
FNDA:5,ms
DA:1,1
DA:3,1
DA:7,1
DA:8,5
LF:4
LH:4
BRF:0
BRH:0
end_of_record
